Build started 10.1.2019. 23:01:36.
     1>Project "D:\Users\Sreja\documents\visual studio 2010\Projects\Projekat_Vešala\Projekat_Vešala\Projekat_Vešala.vcxproj" on node 2 (build target(s)).
     1>InitializeBuildStatus:
         Creating "Debug\Projekat_Vešala.unsuccessfulbuild" because "AlwaysCreate" was specified.
       ClCompile:
         D:\Program Files (x86)\Microsoft Visual Studio 10.0\VC\bin\CL.exe /c /ZI /nologo /W3 /WX- /Od /Oy- /D WIN32 /D _DEBUG /D _CONSOLE /D _UNICODE /D UNICODE /Gm /EHsc /RTC1 /MDd /GS /fp:precise /Zc:wchar_t /Zc:forScope /Fo"Debug\\" /Fd"Debug\vc100.pdb" /Gd /TC /analyze- /errorReport:prompt source.c
         source.c
     1>d:\users\sreja\documents\visual studio 2010\projects\projekat_vešala\projekat_vešala\source.c(112): warning C4996: 'scanf': This function or variable may be unsafe. Consider using scanf_s instead. To disable deprecation, use _CRT_SECURE_NO_WARNINGS. See online help for details.
                 d:\program files (x86)\microsoft visual studio 10.0\vc\include\stdio.h(304) : see declaration of 'scanf'
     1>d:\users\sreja\documents\visual studio 2010\projects\projekat_vešala\projekat_vešala\source.c(131): warning C4244: 'function' : conversion from 'time_t' to 'unsigned int', possible loss of data
     1>d:\users\sreja\documents\visual studio 2010\projects\projekat_vešala\projekat_vešala\source.c(153): warning C4996: 'fopen': This function or variable may be unsafe. Consider using fopen_s instead. To disable deprecation, use _CRT_SECURE_NO_WARNINGS. See online help for details.
                 d:\program files (x86)\microsoft visual studio 10.0\vc\include\stdio.h(234) : see declaration of 'fopen'
     1>d:\users\sreja\documents\visual studio 2010\projects\projekat_vešala\projekat_vešala\source.c(159): warning C4996: 'fopen': This function or variable may be unsafe. Consider using fopen_s instead. To disable deprecation, use _CRT_SECURE_NO_WARNINGS. See online help for details.
                 d:\program files (x86)\microsoft visual studio 10.0\vc\include\stdio.h(234) : see declaration of 'fopen'
     1>d:\users\sreja\documents\visual studio 2010\projects\projekat_vešala\projekat_vešala\source.c(165): warning C4996: 'fopen': This function or variable may be unsafe. Consider using fopen_s instead. To disable deprecation, use _CRT_SECURE_NO_WARNINGS. See online help for details.
                 d:\program files (x86)\microsoft visual studio 10.0\vc\include\stdio.h(234) : see declaration of 'fopen'
     1>d:\users\sreja\documents\visual studio 2010\projects\projekat_vešala\projekat_vešala\source.c(171): warning C4996: 'fopen': This function or variable may be unsafe. Consider using fopen_s instead. To disable deprecation, use _CRT_SECURE_NO_WARNINGS. See online help for details.
                 d:\program files (x86)\microsoft visual studio 10.0\vc\include\stdio.h(234) : see declaration of 'fopen'
     1>d:\users\sreja\documents\visual studio 2010\projects\projekat_vešala\projekat_vešala\source.c(182): warning C4996: 'fscanf': This function or variable may be unsafe. Consider using fscanf_s instead. To disable deprecation, use _CRT_SECURE_NO_WARNINGS. See online help for details.
                 d:\program files (x86)\microsoft visual studio 10.0\vc\include\stdio.h(253) : see declaration of 'fscanf'
     1>d:\users\sreja\documents\visual studio 2010\projects\projekat_vešala\projekat_vešala\source.c(225): warning C4996: 'scanf': This function or variable may be unsafe. Consider using scanf_s instead. To disable deprecation, use _CRT_SECURE_NO_WARNINGS. See online help for details.
                 d:\program files (x86)\microsoft visual studio 10.0\vc\include\stdio.h(304) : see declaration of 'scanf'
     1>d:\users\sreja\documents\visual studio 2010\projects\projekat_vešala\projekat_vešala\source.c(236): warning C4996: 'gets': This function or variable may be unsafe. Consider using gets_s instead. To disable deprecation, use _CRT_SECURE_NO_WARNINGS. See online help for details.
                 d:\program files (x86)\microsoft visual studio 10.0\vc\include\stdio.h(277) : see declaration of 'gets'
     1>d:\users\sreja\documents\visual studio 2010\projects\projekat_vešala\projekat_vešala\source.c(266): warning C4996: 'scanf': This function or variable may be unsafe. Consider using scanf_s instead. To disable deprecation, use _CRT_SECURE_NO_WARNINGS. See online help for details.
                 d:\program files (x86)\microsoft visual studio 10.0\vc\include\stdio.h(304) : see declaration of 'scanf'
     1>d:\users\sreja\documents\visual studio 2010\projects\projekat_vešala\projekat_vešala\source.c(126): warning C4101: 'oblast' : unreferenced local variable
     1>d:\users\sreja\documents\visual studio 2010\projects\projekat_vešala\projekat_vešala\source.c(125): warning C4101: 'opcija' : unreferenced local variable
     1>d:\users\sreja\documents\visual studio 2010\projects\projekat_vešala\projekat_vešala\source.c(402): warning C4996: 'gets': This function or variable may be unsafe. Consider using gets_s instead. To disable deprecation, use _CRT_SECURE_NO_WARNINGS. See online help for details.
                 d:\program files (x86)\microsoft visual studio 10.0\vc\include\stdio.h(277) : see declaration of 'gets'
     1>d:\users\sreja\documents\visual studio 2010\projects\projekat_vešala\projekat_vešala\source.c(441): warning C4996: 'gets': This function or variable may be unsafe. Consider using gets_s instead. To disable deprecation, use _CRT_SECURE_NO_WARNINGS. See online help for details.
                 d:\program files (x86)\microsoft visual studio 10.0\vc\include\stdio.h(277) : see declaration of 'gets'
     1>d:\users\sreja\documents\visual studio 2010\projects\projekat_vešala\projekat_vešala\source.c(446): warning C4996: 'strcpy': This function or variable may be unsafe. Consider using strcpy_s instead. To disable deprecation, use _CRT_SECURE_NO_WARNINGS. See online help for details.
                 d:\program files (x86)\microsoft visual studio 10.0\vc\include\string.h(105) : see declaration of 'strcpy'
     1>d:\users\sreja\documents\visual studio 2010\projects\projekat_vešala\projekat_vešala\source.c(449): warning C4996: 'fopen': This function or variable may be unsafe. Consider using fopen_s instead. To disable deprecation, use _CRT_SECURE_NO_WARNINGS. See online help for details.
                 d:\program files (x86)\microsoft visual studio 10.0\vc\include\stdio.h(234) : see declaration of 'fopen'
     1>d:\users\sreja\documents\visual studio 2010\projects\projekat_vešala\projekat_vešala\source.c(431): warning C4101: 'i' : unreferenced local variable
     1>d:\users\sreja\documents\visual studio 2010\projects\projekat_vešala\projekat_vešala\source.c(463): warning C4996: 'fopen': This function or variable may be unsafe. Consider using fopen_s instead. To disable deprecation, use _CRT_SECURE_NO_WARNINGS. See online help for details.
                 d:\program files (x86)\microsoft visual studio 10.0\vc\include\stdio.h(234) : see declaration of 'fopen'
     1>d:\users\sreja\documents\visual studio 2010\projects\projekat_vešala\projekat_vešala\source.c(466): warning C4047: '!=' : 'size_t' differs in levels of indirection from 'void *'
     1>d:\users\sreja\documents\visual studio 2010\projects\projekat_vešala\projekat_vešala\source.c(532): warning C4996: 'fopen': This function or variable may be unsafe. Consider using fopen_s instead. To disable deprecation, use _CRT_SECURE_NO_WARNINGS. See online help for details.
                 d:\program files (x86)\microsoft visual studio 10.0\vc\include\stdio.h(234) : see declaration of 'fopen'
     1>d:\users\sreja\documents\visual studio 2010\projects\projekat_vešala\projekat_vešala\source.c(415): warning C4715: 'nastavak_ili_kraj' : not all control paths return a value
       ManifestResourceCompile:
         All outputs are up-to-date.
       Link:
         D:\Program Files (x86)\Microsoft Visual Studio 10.0\VC\bin\link.exe /ERRORREPORT:PROMPT /OUT:"D:\users\sreja\documents\visual studio 2010\Projects\Projekat_Vešala\Debug\Projekat_Vešala.exe" /INCREMENTAL /NOLOGO kernel32.lib user32.lib gdi32.lib winspool.lib comdlg32.lib advapi32.lib shell32.lib ole32.lib oleaut32.lib uuid.lib odbc32.lib odbccp32.lib /MANIFEST /ManifestFile:"Debug\Projekat_Vešala.exe.intermediate.manifest" /MANIFESTUAC:"level='asInvoker' uiAccess='false'" /DEBUG /PDB:"D:\users\sreja\documents\visual studio 2010\Projects\Projekat_Vešala\Debug\Projekat_Vešala.pdb" /SUBSYSTEM:CONSOLE /TLBID:1 /DYNAMICBASE /NXCOMPAT /IMPLIB:"D:\users\sreja\documents\visual studio 2010\Projects\Projekat_Vešala\Debug\Projekat_Vešala.lib" /MACHINE:X86 "Debug\Projekat_Vešala.exe.embed.manifest.res"
         Debug\source.obj
       Manifest:
         c:\Program Files (x86)\Microsoft SDKs\Windows\v7.0A\bin\mt.exe /nologo /verbose /out:"Debug\Projekat_Vešala.exe.embed.manifest" /manifest "Debug\Projekat_Vešala.exe.intermediate.manifest"
         All outputs are up-to-date.
       LinkEmbedManifest:
         All outputs are up-to-date.
         Projekat_Vešala.vcxproj -> D:\users\sreja\documents\visual studio 2010\Projects\Projekat_Vešala\Debug\Projekat_Vešala.exe
       FinalizeBuildStatus:
         Deleting file "Debug\Projekat_Vešala.unsuccessfulbuild".
         Touching "Debug\Projekat_Vešala.lastbuildstate".
     1>Done Building Project "D:\Users\Sreja\documents\visual studio 2010\Projects\Projekat_Vešala\Projekat_Vešala\Projekat_Vešala.vcxproj" (build target(s)).

Build succeeded.

Time Elapsed 00:00:04.56
